2019-01-05 17:30:45,098 - Log4JLogChute initialized using file 'velocity.log'
2019-01-05 17:30:45,098 - Initializing Velocity, Calling init()...
2019-01-05 17:30:45,098 - Starting Apache Velocity v1.7 (compiled: 2010-11-19 12:14:37)
2019-01-05 17:30:45,098 - Default Properties File: org\apache\velocity\runtime\defaults\velocity.properties
2019-01-05 17:30:45,098 - Trying to use logger class org.apache.velocity.runtime.log.AvalonLogChute
2019-01-05 17:30:45,098 - Target log system for org.apache.velocity.runtime.log.AvalonLogChute is not available (java.lang.NoClassDefFoundError: org/apache/log/format/Formatter).  Falling back to next log system...
2019-01-05 17:30:45,098 - Trying to use logger class org.apache.velocity.runtime.log.Log4JLogChute
2019-01-05 17:30:45,099 - Using logger class org.apache.velocity.runtime.log.Log4JLogChute
2019-01-05 17:30:45,102 - ResourceLoader instantiated: org.apache.velocity.runtime.resource.loader.ClasspathResourceLoader
2019-01-05 17:30:45,112 - ResourceCache: initialized (class org.apache.velocity.runtime.resource.ResourceCacheImpl) with class java.util.Collections$SynchronizedMap cache map.
2019-01-05 17:30:45,113 - Loaded System Directive: org.apache.velocity.runtime.directive.Stop
2019-01-05 17:30:45,114 - Loaded System Directive: org.apache.velocity.runtime.directive.Define
2019-01-05 17:30:45,114 - Loaded System Directive: org.apache.velocity.runtime.directive.Break
2019-01-05 17:30:45,115 - Loaded System Directive: org.apache.velocity.runtime.directive.Evaluate
2019-01-05 17:30:45,115 - Loaded System Directive: org.apache.velocity.runtime.directive.Literal
2019-01-05 17:30:45,116 - Loaded System Directive: org.apache.velocity.runtime.directive.Macro
2019-01-05 17:30:45,117 - Loaded System Directive: org.apache.velocity.runtime.directive.Parse
2019-01-05 17:30:45,118 - Loaded System Directive: org.apache.velocity.runtime.directive.Include
2019-01-05 17:30:45,119 - Loaded System Directive: org.apache.velocity.runtime.directive.Foreach
2019-01-05 17:30:45,149 - Created '20' parsers.
2019-01-05 17:30:45,154 - Velocimacro : "velocimacro.library" is not set.  Trying default library: VM_global_library.vm
2019-01-05 17:30:45,154 - Could not load resource 'VM_global_library.vm' from ResourceLoader org.apache.velocity.runtime.resource.loader.ClasspathResourceLoader: ClasspathResourceLoader Error: cannot find resource VM_global_library.vm
2019-01-05 17:30:45,154 - Velocimacro : Default library not found.
2019-01-05 17:30:45,154 - Velocimacro : allowInline = true : VMs can be defined inline in templates
2019-01-05 17:30:45,154 - Velocimacro : allowInlineToOverride = false : VMs defined inline may NOT replace previous VM definitions
2019-01-05 17:30:45,154 - Velocimacro : allowInlineLocal = false : VMs defined inline will be global in scope if allowed.
2019-01-05 17:30:45,154 - Velocimacro : autoload off : VM system will not automatically reload global library macros
2019-01-05 17:30:45,176 - ResourceManager : found /templates/entity.java.vm with loader org.apache.velocity.runtime.resource.loader.ClasspathResourceLoader
2019-01-05 17:30:45,193 - ResourceManager : found /templates/mapper.java.vm with loader org.apache.velocity.runtime.resource.loader.ClasspathResourceLoader
2019-01-05 17:30:45,201 - ResourceManager : found /templates/mapper.xml.vm with loader org.apache.velocity.runtime.resource.loader.ClasspathResourceLoader
2019-01-05 17:30:45,214 - ResourceManager : found /templates/service.java.vm with loader org.apache.velocity.runtime.resource.loader.ClasspathResourceLoader
2019-01-05 17:30:45,229 - ResourceManager : found /templates/serviceImpl.java.vm with loader org.apache.velocity.runtime.resource.loader.ClasspathResourceLoader
2019-01-05 17:30:45,237 - ResourceManager : found /templates/controller.java.vm with loader org.apache.velocity.runtime.resource.loader.ClasspathResourceLoader
2019-01-05 17:30:45,272 - ResourceManager : found /templates/entity.java.vm with loader org.apache.velocity.runtime.resource.loader.ClasspathResourceLoader
2019-01-05 17:30:45,277 - ResourceManager : found /templates/mapper.java.vm with loader org.apache.velocity.runtime.resource.loader.ClasspathResourceLoader
2019-01-05 17:30:45,279 - ResourceManager : found /templates/mapper.xml.vm with loader org.apache.velocity.runtime.resource.loader.ClasspathResourceLoader
2019-01-05 17:30:45,283 - ResourceManager : found /templates/service.java.vm with loader org.apache.velocity.runtime.resource.loader.ClasspathResourceLoader
2019-01-05 17:30:45,286 - ResourceManager : found /templates/serviceImpl.java.vm with loader org.apache.velocity.runtime.resource.loader.ClasspathResourceLoader
2019-01-05 17:30:45,288 - ResourceManager : found /templates/controller.java.vm with loader org.apache.velocity.runtime.resource.loader.ClasspathResourceLoader
2019-01-05 17:30:45,292 - ResourceManager : found /templates/entity.java.vm with loader org.apache.velocity.runtime.resource.loader.ClasspathResourceLoader
2019-01-05 17:30:45,294 - ResourceManager : found /templates/mapper.java.vm with loader org.apache.velocity.runtime.resource.loader.ClasspathResourceLoader
2019-01-05 17:30:45,295 - ResourceManager : found /templates/mapper.xml.vm with loader org.apache.velocity.runtime.resource.loader.ClasspathResourceLoader
2019-01-05 17:30:45,296 - ResourceManager : found /templates/service.java.vm with loader org.apache.velocity.runtime.resource.loader.ClasspathResourceLoader
2019-01-05 17:30:45,298 - ResourceManager : found /templates/serviceImpl.java.vm with loader org.apache.velocity.runtime.resource.loader.ClasspathResourceLoader
2019-01-05 17:30:45,302 - ResourceManager : found /templates/controller.java.vm with loader org.apache.velocity.runtime.resource.loader.ClasspathResourceLoader
2019-01-05 17:30:45,307 - ResourceManager : found /templates/entity.java.vm with loader org.apache.velocity.runtime.resource.loader.ClasspathResourceLoader
2019-01-05 17:30:45,314 - ResourceManager : found /templates/mapper.java.vm with loader org.apache.velocity.runtime.resource.loader.ClasspathResourceLoader
2019-01-05 17:30:45,315 - ResourceManager : found /templates/mapper.xml.vm with loader org.apache.velocity.runtime.resource.loader.ClasspathResourceLoader
2019-01-05 17:30:45,318 - ResourceManager : found /templates/service.java.vm with loader org.apache.velocity.runtime.resource.loader.ClasspathResourceLoader
2019-01-05 17:30:45,320 - ResourceManager : found /templates/serviceImpl.java.vm with loader org.apache.velocity.runtime.resource.loader.ClasspathResourceLoader
2019-01-05 17:30:45,322 - ResourceManager : found /templates/controller.java.vm with loader org.apache.velocity.runtime.resource.loader.ClasspathResourceLoader
2019-01-05 17:31:43,917 - Log4JLogChute initialized using file 'velocity.log'
2019-01-05 17:31:43,917 - Initializing Velocity, Calling init()...
2019-01-05 17:31:43,918 - Starting Apache Velocity v1.7 (compiled: 2010-11-19 12:14:37)
2019-01-05 17:31:43,918 - Default Properties File: org\apache\velocity\runtime\defaults\velocity.properties
2019-01-05 17:31:43,918 - Trying to use logger class org.apache.velocity.runtime.log.AvalonLogChute
2019-01-05 17:31:43,918 - Target log system for org.apache.velocity.runtime.log.AvalonLogChute is not available (java.lang.NoClassDefFoundError: org/apache/log/format/Formatter).  Falling back to next log system...
2019-01-05 17:31:43,918 - Trying to use logger class org.apache.velocity.runtime.log.Log4JLogChute
2019-01-05 17:31:43,918 - Using logger class org.apache.velocity.runtime.log.Log4JLogChute
2019-01-05 17:31:43,921 - ResourceLoader instantiated: org.apache.velocity.runtime.resource.loader.ClasspathResourceLoader
2019-01-05 17:31:43,930 - ResourceCache: initialized (class org.apache.velocity.runtime.resource.ResourceCacheImpl) with class java.util.Collections$SynchronizedMap cache map.
2019-01-05 17:31:43,931 - Loaded System Directive: org.apache.velocity.runtime.directive.Stop
2019-01-05 17:31:43,932 - Loaded System Directive: org.apache.velocity.runtime.directive.Define
2019-01-05 17:31:43,932 - Loaded System Directive: org.apache.velocity.runtime.directive.Break
2019-01-05 17:31:43,933 - Loaded System Directive: org.apache.velocity.runtime.directive.Evaluate
2019-01-05 17:31:43,933 - Loaded System Directive: org.apache.velocity.runtime.directive.Literal
2019-01-05 17:31:43,934 - Loaded System Directive: org.apache.velocity.runtime.directive.Macro
2019-01-05 17:31:43,935 - Loaded System Directive: org.apache.velocity.runtime.directive.Parse
2019-01-05 17:31:43,937 - Loaded System Directive: org.apache.velocity.runtime.directive.Include
2019-01-05 17:31:43,938 - Loaded System Directive: org.apache.velocity.runtime.directive.Foreach
2019-01-05 17:31:43,971 - Created '20' parsers.
2019-01-05 17:31:43,976 - Velocimacro : "velocimacro.library" is not set.  Trying default library: VM_global_library.vm
2019-01-05 17:31:43,976 - Could not load resource 'VM_global_library.vm' from ResourceLoader org.apache.velocity.runtime.resource.loader.ClasspathResourceLoader: ClasspathResourceLoader Error: cannot find resource VM_global_library.vm
2019-01-05 17:31:43,976 - Velocimacro : Default library not found.
2019-01-05 17:31:43,976 - Velocimacro : allowInline = true : VMs can be defined inline in templates
2019-01-05 17:31:43,976 - Velocimacro : allowInlineToOverride = false : VMs defined inline may NOT replace previous VM definitions
2019-01-05 17:31:43,976 - Velocimacro : allowInlineLocal = false : VMs defined inline will be global in scope if allowed.
2019-01-05 17:31:43,977 - Velocimacro : autoload off : VM system will not automatically reload global library macros
2019-01-05 17:31:43,996 - ResourceManager : found /templates/entity.java.vm with loader org.apache.velocity.runtime.resource.loader.ClasspathResourceLoader
2019-01-05 17:31:44,009 - ResourceManager : found /templates/mapper.java.vm with loader org.apache.velocity.runtime.resource.loader.ClasspathResourceLoader
2019-01-05 17:31:44,013 - ResourceManager : found /templates/mapper.xml.vm with loader org.apache.velocity.runtime.resource.loader.ClasspathResourceLoader
2019-01-05 17:31:44,015 - ResourceManager : found /templates/service.java.vm with loader org.apache.velocity.runtime.resource.loader.ClasspathResourceLoader
2019-01-05 17:31:44,017 - ResourceManager : found /templates/serviceImpl.java.vm with loader org.apache.velocity.runtime.resource.loader.ClasspathResourceLoader
2019-01-05 17:31:44,019 - ResourceManager : found /templates/controller.java.vm with loader org.apache.velocity.runtime.resource.loader.ClasspathResourceLoader
2019-01-05 17:31:44,023 - ResourceManager : found /templates/entity.java.vm with loader org.apache.velocity.runtime.resource.loader.ClasspathResourceLoader
2019-01-05 17:31:44,027 - ResourceManager : found /templates/mapper.java.vm with loader org.apache.velocity.runtime.resource.loader.ClasspathResourceLoader
2019-01-05 17:31:44,030 - ResourceManager : found /templates/mapper.xml.vm with loader org.apache.velocity.runtime.resource.loader.ClasspathResourceLoader
2019-01-05 17:31:44,031 - ResourceManager : found /templates/service.java.vm with loader org.apache.velocity.runtime.resource.loader.ClasspathResourceLoader
2019-01-05 17:31:44,034 - ResourceManager : found /templates/serviceImpl.java.vm with loader org.apache.velocity.runtime.resource.loader.ClasspathResourceLoader
2019-01-05 17:31:44,035 - ResourceManager : found /templates/controller.java.vm with loader org.apache.velocity.runtime.resource.loader.ClasspathResourceLoader
2019-01-05 17:31:44,039 - ResourceManager : found /templates/entity.java.vm with loader org.apache.velocity.runtime.resource.loader.ClasspathResourceLoader
2019-01-05 17:31:44,041 - ResourceManager : found /templates/mapper.java.vm with loader org.apache.velocity.runtime.resource.loader.ClasspathResourceLoader
2019-01-05 17:31:44,042 - ResourceManager : found /templates/mapper.xml.vm with loader org.apache.velocity.runtime.resource.loader.ClasspathResourceLoader
2019-01-05 17:31:44,044 - ResourceManager : found /templates/service.java.vm with loader org.apache.velocity.runtime.resource.loader.ClasspathResourceLoader
2019-01-05 17:31:44,046 - ResourceManager : found /templates/serviceImpl.java.vm with loader org.apache.velocity.runtime.resource.loader.ClasspathResourceLoader
2019-01-05 17:31:44,048 - ResourceManager : found /templates/controller.java.vm with loader org.apache.velocity.runtime.resource.loader.ClasspathResourceLoader
2019-01-05 17:31:44,051 - ResourceManager : found /templates/entity.java.vm with loader org.apache.velocity.runtime.resource.loader.ClasspathResourceLoader
2019-01-05 17:31:44,055 - ResourceManager : found /templates/mapper.java.vm with loader org.apache.velocity.runtime.resource.loader.ClasspathResourceLoader
2019-01-05 17:31:44,057 - ResourceManager : found /templates/mapper.xml.vm with loader org.apache.velocity.runtime.resource.loader.ClasspathResourceLoader
2019-01-05 17:31:44,059 - ResourceManager : found /templates/service.java.vm with loader org.apache.velocity.runtime.resource.loader.ClasspathResourceLoader
2019-01-05 17:31:44,060 - ResourceManager : found /templates/serviceImpl.java.vm with loader org.apache.velocity.runtime.resource.loader.ClasspathResourceLoader
2019-01-05 17:31:44,062 - ResourceManager : found /templates/controller.java.vm with loader org.apache.velocity.runtime.resource.loader.ClasspathResourceLoader
2019-01-05 17:32:47,997 - Log4JLogChute initialized using file 'velocity.log'
2019-01-05 17:32:47,997 - Initializing Velocity, Calling init()...
2019-01-05 17:32:47,997 - Starting Apache Velocity v1.7 (compiled: 2010-11-19 12:14:37)
2019-01-05 17:32:47,997 - Default Properties File: org\apache\velocity\runtime\defaults\velocity.properties
2019-01-05 17:32:47,997 - Trying to use logger class org.apache.velocity.runtime.log.AvalonLogChute
2019-01-05 17:32:47,997 - Target log system for org.apache.velocity.runtime.log.AvalonLogChute is not available (java.lang.NoClassDefFoundError: org/apache/log/format/Formatter).  Falling back to next log system...
2019-01-05 17:32:47,998 - Trying to use logger class org.apache.velocity.runtime.log.Log4JLogChute
2019-01-05 17:32:47,998 - Using logger class org.apache.velocity.runtime.log.Log4JLogChute
2019-01-05 17:32:48,000 - ResourceLoader instantiated: org.apache.velocity.runtime.resource.loader.ClasspathResourceLoader
2019-01-05 17:32:48,009 - ResourceCache: initialized (class org.apache.velocity.runtime.resource.ResourceCacheImpl) with class java.util.Collections$SynchronizedMap cache map.
2019-01-05 17:32:48,010 - Loaded System Directive: org.apache.velocity.runtime.directive.Stop
2019-01-05 17:32:48,010 - Loaded System Directive: org.apache.velocity.runtime.directive.Define
2019-01-05 17:32:48,011 - Loaded System Directive: org.apache.velocity.runtime.directive.Break
2019-01-05 17:32:48,011 - Loaded System Directive: org.apache.velocity.runtime.directive.Evaluate
2019-01-05 17:32:48,012 - Loaded System Directive: org.apache.velocity.runtime.directive.Literal
2019-01-05 17:32:48,012 - Loaded System Directive: org.apache.velocity.runtime.directive.Macro
2019-01-05 17:32:48,013 - Loaded System Directive: org.apache.velocity.runtime.directive.Parse
2019-01-05 17:32:48,014 - Loaded System Directive: org.apache.velocity.runtime.directive.Include
2019-01-05 17:32:48,015 - Loaded System Directive: org.apache.velocity.runtime.directive.Foreach
2019-01-05 17:32:48,038 - Created '20' parsers.
2019-01-05 17:32:48,043 - Velocimacro : "velocimacro.library" is not set.  Trying default library: VM_global_library.vm
2019-01-05 17:32:48,043 - Could not load resource 'VM_global_library.vm' from ResourceLoader org.apache.velocity.runtime.resource.loader.ClasspathResourceLoader: ClasspathResourceLoader Error: cannot find resource VM_global_library.vm
2019-01-05 17:32:48,043 - Velocimacro : Default library not found.
2019-01-05 17:32:48,043 - Velocimacro : allowInline = true : VMs can be defined inline in templates
2019-01-05 17:32:48,043 - Velocimacro : allowInlineToOverride = false : VMs defined inline may NOT replace previous VM definitions
2019-01-05 17:32:48,043 - Velocimacro : allowInlineLocal = false : VMs defined inline will be global in scope if allowed.
2019-01-05 17:32:48,043 - Velocimacro : autoload off : VM system will not automatically reload global library macros
2019-01-05 17:32:48,066 - ResourceManager : found /templates/entity.java.vm with loader org.apache.velocity.runtime.resource.loader.ClasspathResourceLoader
2019-01-05 17:32:48,077 - ResourceManager : found /templates/mapper.java.vm with loader org.apache.velocity.runtime.resource.loader.ClasspathResourceLoader
2019-01-05 17:32:48,081 - ResourceManager : found /templates/mapper.xml.vm with loader org.apache.velocity.runtime.resource.loader.ClasspathResourceLoader
2019-01-05 17:32:48,083 - ResourceManager : found /templates/service.java.vm with loader org.apache.velocity.runtime.resource.loader.ClasspathResourceLoader
2019-01-05 17:32:48,084 - ResourceManager : found /templates/serviceImpl.java.vm with loader org.apache.velocity.runtime.resource.loader.ClasspathResourceLoader
2019-01-05 17:32:48,086 - ResourceManager : found /templates/controller.java.vm with loader org.apache.velocity.runtime.resource.loader.ClasspathResourceLoader
2019-01-05 17:32:48,094 - ResourceManager : found /templates/entity.java.vm with loader org.apache.velocity.runtime.resource.loader.ClasspathResourceLoader
2019-01-05 17:32:48,097 - ResourceManager : found /templates/mapper.java.vm with loader org.apache.velocity.runtime.resource.loader.ClasspathResourceLoader
2019-01-05 17:32:48,098 - ResourceManager : found /templates/mapper.xml.vm with loader org.apache.velocity.runtime.resource.loader.ClasspathResourceLoader
2019-01-05 17:32:48,100 - ResourceManager : found /templates/service.java.vm with loader org.apache.velocity.runtime.resource.loader.ClasspathResourceLoader
2019-01-05 17:32:48,103 - ResourceManager : found /templates/serviceImpl.java.vm with loader org.apache.velocity.runtime.resource.loader.ClasspathResourceLoader
2019-01-05 17:32:48,105 - ResourceManager : found /templates/controller.java.vm with loader org.apache.velocity.runtime.resource.loader.ClasspathResourceLoader
2019-01-05 17:32:48,110 - ResourceManager : found /templates/entity.java.vm with loader org.apache.velocity.runtime.resource.loader.ClasspathResourceLoader
2019-01-05 17:32:48,113 - ResourceManager : found /templates/mapper.java.vm with loader org.apache.velocity.runtime.resource.loader.ClasspathResourceLoader
2019-01-05 17:32:48,115 - ResourceManager : found /templates/mapper.xml.vm with loader org.apache.velocity.runtime.resource.loader.ClasspathResourceLoader
2019-01-05 17:32:48,117 - ResourceManager : found /templates/service.java.vm with loader org.apache.velocity.runtime.resource.loader.ClasspathResourceLoader
2019-01-05 17:32:48,118 - ResourceManager : found /templates/serviceImpl.java.vm with loader org.apache.velocity.runtime.resource.loader.ClasspathResourceLoader
2019-01-05 17:32:48,121 - ResourceManager : found /templates/controller.java.vm with loader org.apache.velocity.runtime.resource.loader.ClasspathResourceLoader
2019-01-05 17:32:48,125 - ResourceManager : found /templates/entity.java.vm with loader org.apache.velocity.runtime.resource.loader.ClasspathResourceLoader
2019-01-05 17:32:48,129 - ResourceManager : found /templates/mapper.java.vm with loader org.apache.velocity.runtime.resource.loader.ClasspathResourceLoader
2019-01-05 17:32:48,131 - ResourceManager : found /templates/mapper.xml.vm with loader org.apache.velocity.runtime.resource.loader.ClasspathResourceLoader
2019-01-05 17:32:48,133 - ResourceManager : found /templates/service.java.vm with loader org.apache.velocity.runtime.resource.loader.ClasspathResourceLoader
2019-01-05 17:32:48,134 - ResourceManager : found /templates/serviceImpl.java.vm with loader org.apache.velocity.runtime.resource.loader.ClasspathResourceLoader
2019-01-05 17:32:48,136 - ResourceManager : found /templates/controller.java.vm with loader org.apache.velocity.runtime.resource.loader.ClasspathResourceLoader
2019-01-05 17:46:00,595 - Log4JLogChute initialized using file 'velocity.log'
2019-01-05 17:46:00,595 - Initializing Velocity, Calling init()...
2019-01-05 17:46:00,596 - Starting Apache Velocity v1.7 (compiled: 2010-11-19 12:14:37)
2019-01-05 17:46:00,596 - Default Properties File: org\apache\velocity\runtime\defaults\velocity.properties
2019-01-05 17:46:00,596 - Trying to use logger class org.apache.velocity.runtime.log.AvalonLogChute
2019-01-05 17:46:00,596 - Target log system for org.apache.velocity.runtime.log.AvalonLogChute is not available (java.lang.NoClassDefFoundError: org/apache/log/format/Formatter).  Falling back to next log system...
2019-01-05 17:46:00,596 - Trying to use logger class org.apache.velocity.runtime.log.Log4JLogChute
2019-01-05 17:46:00,596 - Using logger class org.apache.velocity.runtime.log.Log4JLogChute
2019-01-05 17:46:00,599 - ResourceLoader instantiated: org.apache.velocity.runtime.resource.loader.ClasspathResourceLoader
2019-01-05 17:46:00,607 - ResourceCache: initialized (class org.apache.velocity.runtime.resource.ResourceCacheImpl) with class java.util.Collections$SynchronizedMap cache map.
2019-01-05 17:46:00,608 - Loaded System Directive: org.apache.velocity.runtime.directive.Stop
2019-01-05 17:46:00,609 - Loaded System Directive: org.apache.velocity.runtime.directive.Define
2019-01-05 17:46:00,610 - Loaded System Directive: org.apache.velocity.runtime.directive.Break
2019-01-05 17:46:00,610 - Loaded System Directive: org.apache.velocity.runtime.directive.Evaluate
2019-01-05 17:46:00,610 - Loaded System Directive: org.apache.velocity.runtime.directive.Literal
2019-01-05 17:46:00,611 - Loaded System Directive: org.apache.velocity.runtime.directive.Macro
2019-01-05 17:46:00,612 - Loaded System Directive: org.apache.velocity.runtime.directive.Parse
2019-01-05 17:46:00,613 - Loaded System Directive: org.apache.velocity.runtime.directive.Include
2019-01-05 17:46:00,613 - Loaded System Directive: org.apache.velocity.runtime.directive.Foreach
2019-01-05 17:46:00,641 - Created '20' parsers.
2019-01-05 17:46:00,645 - Velocimacro : "velocimacro.library" is not set.  Trying default library: VM_global_library.vm
2019-01-05 17:46:00,645 - Could not load resource 'VM_global_library.vm' from ResourceLoader org.apache.velocity.runtime.resource.loader.ClasspathResourceLoader: ClasspathResourceLoader Error: cannot find resource VM_global_library.vm
2019-01-05 17:46:00,645 - Velocimacro : Default library not found.
2019-01-05 17:46:00,645 - Velocimacro : allowInline = true : VMs can be defined inline in templates
2019-01-05 17:46:00,646 - Velocimacro : allowInlineToOverride = false : VMs defined inline may NOT replace previous VM definitions
2019-01-05 17:46:00,646 - Velocimacro : allowInlineLocal = false : VMs defined inline will be global in scope if allowed.
2019-01-05 17:46:00,646 - Velocimacro : autoload off : VM system will not automatically reload global library macros
2019-01-05 17:46:00,664 - ResourceManager : found /templates/entity.java.vm with loader org.apache.velocity.runtime.resource.loader.ClasspathResourceLoader
2019-01-05 17:46:00,676 - ResourceManager : found /templates/mapper.java.vm with loader org.apache.velocity.runtime.resource.loader.ClasspathResourceLoader
2019-01-05 17:46:00,680 - ResourceManager : found /templates/mapper.xml.vm with loader org.apache.velocity.runtime.resource.loader.ClasspathResourceLoader
2019-01-05 17:46:00,682 - ResourceManager : found /templates/service.java.vm with loader org.apache.velocity.runtime.resource.loader.ClasspathResourceLoader
2019-01-05 17:46:00,685 - ResourceManager : found /templates/serviceImpl.java.vm with loader org.apache.velocity.runtime.resource.loader.ClasspathResourceLoader
2019-01-05 17:46:00,687 - ResourceManager : found /templates/controller.java.vm with loader org.apache.velocity.runtime.resource.loader.ClasspathResourceLoader
2019-01-05 17:46:00,691 - ResourceManager : found /templates/entity.java.vm with loader org.apache.velocity.runtime.resource.loader.ClasspathResourceLoader
2019-01-05 17:46:00,694 - ResourceManager : found /templates/mapper.java.vm with loader org.apache.velocity.runtime.resource.loader.ClasspathResourceLoader
2019-01-05 17:46:00,696 - ResourceManager : found /templates/mapper.xml.vm with loader org.apache.velocity.runtime.resource.loader.ClasspathResourceLoader
2019-01-05 17:46:00,698 - ResourceManager : found /templates/service.java.vm with loader org.apache.velocity.runtime.resource.loader.ClasspathResourceLoader
2019-01-05 17:46:00,702 - ResourceManager : found /templates/serviceImpl.java.vm with loader org.apache.velocity.runtime.resource.loader.ClasspathResourceLoader
2019-01-05 17:46:00,703 - ResourceManager : found /templates/controller.java.vm with loader org.apache.velocity.runtime.resource.loader.ClasspathResourceLoader
2019-01-05 17:46:00,707 - ResourceManager : found /templates/entity.java.vm with loader org.apache.velocity.runtime.resource.loader.ClasspathResourceLoader
2019-01-05 17:46:00,709 - ResourceManager : found /templates/mapper.java.vm with loader org.apache.velocity.runtime.resource.loader.ClasspathResourceLoader
2019-01-05 17:46:00,711 - ResourceManager : found /templates/mapper.xml.vm with loader org.apache.velocity.runtime.resource.loader.ClasspathResourceLoader
2019-01-05 17:46:00,713 - ResourceManager : found /templates/service.java.vm with loader org.apache.velocity.runtime.resource.loader.ClasspathResourceLoader
2019-01-05 17:46:00,715 - ResourceManager : found /templates/serviceImpl.java.vm with loader org.apache.velocity.runtime.resource.loader.ClasspathResourceLoader
2019-01-05 17:46:00,717 - ResourceManager : found /templates/controller.java.vm with loader org.apache.velocity.runtime.resource.loader.ClasspathResourceLoader
2019-01-05 17:46:00,719 - ResourceManager : found /templates/entity.java.vm with loader org.apache.velocity.runtime.resource.loader.ClasspathResourceLoader
2019-01-05 17:46:00,723 - ResourceManager : found /templates/mapper.java.vm with loader org.apache.velocity.runtime.resource.loader.ClasspathResourceLoader
2019-01-05 17:46:00,725 - ResourceManager : found /templates/mapper.xml.vm with loader org.apache.velocity.runtime.resource.loader.ClasspathResourceLoader
2019-01-05 17:46:00,727 - ResourceManager : found /templates/service.java.vm with loader org.apache.velocity.runtime.resource.loader.ClasspathResourceLoader
2019-01-05 17:46:00,728 - ResourceManager : found /templates/serviceImpl.java.vm with loader org.apache.velocity.runtime.resource.loader.ClasspathResourceLoader
2019-01-05 17:46:00,730 - ResourceManager : found /templates/controller.java.vm with loader org.apache.velocity.runtime.resource.loader.ClasspathResourceLoader
